<?xml version="1.0" encoding="UTF-8"?>
<testsuite xmlns:xsi="http://www.w3.org/2001/XMLSchema-instance" xsi:noNamespaceSchemaLocation="https://maven.apache.org/surefire/maven-surefire-plugin/xsd/surefire-test-report-3.0.xsd" version="3.0" name="aed.ABBTests" time="0.151" tests="18" errors="0" skipped="0" failures="0">
  <properties>
    <property name="java.specification.version" value="21"/>
    <property name="sun.jnu.encoding" value="UTF-8"/>
    <property name="java.class.path" value="/home/mateo/Documents/CS/AED/taller4/target/test-classes:/home/mateo/Documents/CS/AED/taller4/target/classes:/home/mateo/.m2/repository/org/junit/jupiter/junit-jupiter-engine/5.9.2/junit-jupiter-engine-5.9.2.jar:/home/mateo/.m2/repository/org/junit/platform/junit-platform-engine/1.9.2/junit-platform-engine-1.9.2.jar:/home/mateo/.m2/repository/org/opentest4j/opentest4j/1.2.0/opentest4j-1.2.0.jar:/home/mateo/.m2/repository/org/junit/platform/junit-platform-commons/1.9.2/junit-platform-commons-1.9.2.jar:/home/mateo/.m2/repository/org/junit/jupiter/junit-jupiter-api/5.9.2/junit-jupiter-api-5.9.2.jar:/home/mateo/.m2/repository/org/apiguardian/apiguardian-api/1.1.2/apiguardian-api-1.1.2.jar:"/>
    <property name="java.vm.vendor" value="Ubuntu"/>
    <property name="sun.arch.data.model" value="64"/>
    <property name="java.vendor.url" value="https://ubuntu.com/"/>
    <property name="os.name" value="Linux"/>
    <property name="java.vm.specification.version" value="21"/>
    <property name="user.country" value="US"/>
    <property name="sun.java.launcher" value="SUN_STANDARD"/>
    <property name="sun.boot.library.path" value="/usr/lib/jvm/java-21-openjdk-amd64/lib"/>
    <property name="sun.java.command" value="/home/mateo/Documents/CS/AED/taller4/target/surefire/surefirebooter-20241022161340320_3.jar /home/mateo/Documents/CS/AED/taller4/target/surefire 2024-10-22T16-13-40_216-jvmRun1 surefire-20241022161340320_1tmp surefire_0-20241022161340320_2tmp"/>
    <property name="jdk.debug" value="release"/>
    <property name="test" value="${packageClassName}"/>
    <property name="surefire.test.class.path" value="/home/mateo/Documents/CS/AED/taller4/target/test-classes:/home/mateo/Documents/CS/AED/taller4/target/classes:/home/mateo/.m2/repository/org/junit/jupiter/junit-jupiter-engine/5.9.2/junit-jupiter-engine-5.9.2.jar:/home/mateo/.m2/repository/org/junit/platform/junit-platform-engine/1.9.2/junit-platform-engine-1.9.2.jar:/home/mateo/.m2/repository/org/opentest4j/opentest4j/1.2.0/opentest4j-1.2.0.jar:/home/mateo/.m2/repository/org/junit/platform/junit-platform-commons/1.9.2/junit-platform-commons-1.9.2.jar:/home/mateo/.m2/repository/org/junit/jupiter/junit-jupiter-api/5.9.2/junit-jupiter-api-5.9.2.jar:/home/mateo/.m2/repository/org/apiguardian/apiguardian-api/1.1.2/apiguardian-api-1.1.2.jar:"/>
    <property name="sun.cpu.endian" value="little"/>
    <property name="user.home" value="/home/mateo"/>
    <property name="user.language" value="en"/>
    <property name="java.specification.vendor" value="Oracle Corporation"/>
    <property name="java.version.date" value="2024-07-16"/>
    <property name="java.home" value="/usr/lib/jvm/java-21-openjdk-amd64"/>
    <property name="file.separator" value="/"/>
    <property name="basedir" value="/home/mateo/Documents/CS/AED/taller4"/>
    <property name="java.vm.compressedOopsMode" value="Zero based"/>
    <property name="line.separator" value="&#10;"/>
    <property name="java.specification.name" value="Java Platform API Specification"/>
    <property name="java.vm.specification.vendor" value="Oracle Corporation"/>
    <property name="surefire.real.class.path" value="/home/mateo/Documents/CS/AED/taller4/target/surefire/surefirebooter-20241022161340320_3.jar"/>
    <property name="sun.management.compiler" value="HotSpot 64-Bit Tiered Compilers"/>
    <property name="java.runtime.version" value="21.0.4+7-Ubuntu-1ubuntu224.04"/>
    <property name="user.name" value="mateo"/>
    <property name="stdout.encoding" value="UTF-8"/>
    <property name="path.separator" value=":"/>
    <property name="os.version" value="6.8.0-47-generic"/>
    <property name="java.runtime.name" value="OpenJDK Runtime Environment"/>
    <property name="file.encoding" value="UTF-8"/>
    <property name="java.vm.name" value="OpenJDK 64-Bit Server VM"/>
    <property name="maven.ext.class.path" value="/home/mateo/.vscode/extensions/oracle.oracle-java-23.0.0/nbcode/java/maven-nblib/netbeans-eventspy.jar"/>
    <property name="localRepository" value="/home/mateo/.m2/repository"/>
    <property name="java.vendor.url.bug" value="https://bugs.launchpad.net/ubuntu/+source/openjdk-21"/>
    <property name="java.io.tmpdir" value="/tmp"/>
    <property name="java.version" value="21.0.4"/>
    <property name="user.dir" value="/home/mateo/Documents/CS/AED/taller4"/>
    <property name="os.arch" value="amd64"/>
    <property name="java.vm.specification.name" value="Java Virtual Machine Specification"/>
    <property name="native.encoding" value="UTF-8"/>
    <property name="java.library.path" value="/usr/java/packages/lib:/usr/lib/x86_64-linux-gnu/jni:/lib/x86_64-linux-gnu:/usr/lib/x86_64-linux-gnu:/usr/lib/jni:/lib:/usr/lib"/>
    <property name="java.vm.info" value="mixed mode, sharing"/>
    <property name="stderr.encoding" value="UTF-8"/>
    <property name="java.vendor" value="Ubuntu"/>
    <property name="java.vm.version" value="21.0.4+7-Ubuntu-1ubuntu224.04"/>
    <property name="sun.io.unicode.encoding" value="UnicodeLittle"/>
    <property name="java.class.version" value="65.0"/>
  </properties>
  <testcase name="eliminar_raiz_con_hijo_izquierdo" classname="aed.ABBTests" time="0.07"/>
  <testcase name="conjunto_vacio_toString" classname="aed.ABBTests" time="0.002"/>
  <testcase name="eliminar_elemento_con_un_descendiente" classname="aed.ABBTests" time="0.001"/>
  <testcase name="eliminar_elemento_con_dos_descendientes" classname="aed.ABBTests" time="0.002"/>
  <testcase name="eliminar_elemento_con_doble_descendencia" classname="aed.ABBTests" time="0.001"/>
  <testcase name="stress" classname="aed.ABBTests" time="0.012"/>
  <testcase name="eliminar_raiz_cons_dos_hijos" classname="aed.ABBTests" time="0.001"/>
  <testcase name="eliminar_raiz_con_derecho" classname="aed.ABBTests" time="0.002"/>
  <testcase name="insertar_izquierda" classname="aed.ABBTests" time="0.001"/>
  <testcase name="insertar_derecha" classname="aed.ABBTests" time="0.001"/>
  <testcase name="nuevo_conjunto_vacio" classname="aed.ABBTests" time="0.001"/>
  <testcase name="siguiente_inorder" classname="aed.ABBTests" time="0.001"/>
  <testcase name="eliminar_elemento_con_sucesor_arriba" classname="aed.ABBTests" time="0.001"/>
  <testcase name="insertar_elemento_repetido" classname="aed.ABBTests" time="0.001"/>
  <testcase name="insertar_cinco_nombres" classname="aed.ABBTests" time="0.001"/>
  <testcase name="insertar_un_elemento" classname="aed.ABBTests" time="0.001"/>
  <testcase name="conjunto_de_un_elemento_toString" classname="aed.ABBTests" time="0"/>
  <testcase name="conjunto_de_muchos_numeros_toString" classname="aed.ABBTests" time="0.001"/>
</testsuite>